build/app/intermediates/manifest_merge_blame_file/release/manifest-merger-blame-release-report.txt
1<?xml version="1.0" encoding="utf-8"?>
2<manifest xmlns:android="http://schemas.android.com/apk/res/android"
3    package="com.taxi.driver"
4    android:versionCode="1"
5    android:versionName="1.0.0" >
6
7    <uses-sdk
8        android:minSdkVersion="21"
8-->src/main/AndroidManifest.xml
9        android:targetSdkVersion="33" />
9-->src/main/AndroidManifest.xml
10
11    <uses-permission android:name="android.permission.INTERNET" />
11-->src/main/AndroidManifest.xml:2:5-66
11-->src/main/AndroidManifest.xml:2:22-64
12    <uses-permission android:name="android.permission.ACCESS_FINE_LOCATION" />
12-->src/main/AndroidManifest.xml:3:5-78
12-->src/main/AndroidManifest.xml:3:22-76
13    <uses-permission android:name="android.permission.ACCESS_COARSE_LOCATION" />
13-->src/main/AndroidManifest.xml:4:5-80
13-->src/main/AndroidManifest.xml:4:22-78
14    <uses-permission android:name="android.permission.POST_NOTIFICATIONS" />
14-->src/main/AndroidManifest.xml:5:5-76
14-->src/main/AndroidManifest.xml:5:22-74
15    <uses-permission android:name="android.permission.READ_EXTERNAL_STORAGE" />
15-->src/main/AndroidManifest.xml:6:5-79
15-->src/main/AndroidManifest.xml:6:22-77
16    <uses-permission android:name="android.permission.RECEIVE_BOOT_COMPLETED" />
16-->src/main/AndroidManifest.xml:7:5-80
16-->src/main/AndroidManifest.xml:7:22-78
17    <uses-permission android:name="android.permission.VIBRATE" />
17-->src/main/AndroidManifest.xml:8:5-65
17-->src/main/AndroidManifest.xml:8:22-63
18    <uses-permission android:name="android.permission.WAKE_LOCK" />
18-->src/main/AndroidManifest.xml:9:5-67
18-->src/main/AndroidManifest.xml:9:22-65
19    <uses-permission android:name="com.google.android.c2dm.permission.RECEIVE" />
19-->src/main/AndroidManifest.xml:10:5-82
19-->src/main/AndroidManifest.xml:10:22-79
20    <uses-permission android:name="android.permission.ACCESS_NETWORK_STATE" />
20-->src/main/AndroidManifest.xml:12:1-74
20-->src/main/AndroidManifest.xml:12:18-72
21
22    <queries>
22-->src/main/AndroidManifest.xml:55:5-60:15
23        <intent>
23-->src/main/AndroidManifest.xml:56:9-59:18
24            <action android:name="android.intent.action.PROCESS_TEXT" />
24-->src/main/AndroidManifest.xml:57:13-72
24-->src/main/AndroidManifest.xml:57:21-70
25
26            <data android:mimeType="text/plain" />
26-->src/main/AndroidManifest.xml:58:13-50
26-->src/main/AndroidManifest.xml:58:19-48
27        </intent>
28        <!-- Needs to be explicitly declared on Android R+ -->
29        <package android:name="com.google.android.apps.maps" />
29-->[com.google.android.gms:play-services-maps:18.2.0] AndroidManifest.xml:33:9-64
29-->[com.google.android.gms:play-services-maps:18.2.0] AndroidManifest.xml:33:18-61
30    </queries>
31
32    <uses-feature
32-->[com.google.android.gms:play-services-maps:18.2.0] AndroidManifest.xml:26:5-28:35
33        android:glEsVersion="0x00020000"
33-->[com.google.android.gms:play-services-maps:18.2.0] AndroidManifest.xml:27:9-41
34        android:required="true" />
34-->[com.google.android.gms:play-services-maps:18.2.0] AndroidManifest.xml:28:9-32
35
36    <permission
36-->[androidx.core:core:1.13.1] AndroidManifest.xml:22:5-24:47
37        android:name="com.taxi.driver.DYNAMIC_RECEIVER_NOT_EXPORTED_PERMISSION"
37-->[androidx.core:core:1.13.1] AndroidManifest.xml:23:9-81
38        android:protectionLevel="signature" />
38-->[androidx.core:core:1.13.1] AndroidManifest.xml:24:9-44
39
40    <uses-permission android:name="com.taxi.driver.DYNAMIC_RECEIVER_NOT_EXPORTED_PERMISSION" />
40-->[androidx.core:core:1.13.1] AndroidManifest.xml:26:5-97
40-->[androidx.core:core:1.13.1] AndroidManifest.xml:26:22-94
41
42    <application
43        android:name="android.app.Application"
43-->src/main/AndroidManifest.xml:16:9-42
44        android:appComponentFactory="androidx.core.app.CoreComponentFactory"
44-->[androidx.core:core:1.13.1] AndroidManifest.xml:28:18-86
45        android:icon="@mipmap/ic_launcher"
45-->src/main/AndroidManifest.xml:17:9-43
46        android:label="rayo_driver" >
46-->src/main/AndroidManifest.xml:15:9-36
47        <activity
47-->src/main/AndroidManifest.xml:18:9-40:20
48            android:name="com.taxi.driver.MainActivity"
48-->src/main/AndroidManifest.xml:19:13-41
49            android:configChanges="orientation|keyboardHidden|keyboard|screenSize|smallestScreenSize|locale|layoutDirection|fontScale|screenLayout|density|uiMode"
49-->src/main/AndroidManifest.xml:24:13-163
50            android:exported="true"
50-->src/main/AndroidManifest.xml:20:13-36
51            android:hardwareAccelerated="true"
51-->src/main/AndroidManifest.xml:25:13-47
52            android:launchMode="singleTop"
52-->src/main/AndroidManifest.xml:21:13-43
53            android:taskAffinity=""
53-->src/main/AndroidManifest.xml:22:13-36
54            android:theme="@style/LaunchTheme"
54-->src/main/AndroidManifest.xml:23:13-47
55            android:windowSoftInputMode="adjustResize" >
55-->src/main/AndroidManifest.xml:27:13-55
56
57            <!--
58                 Specifies an Android theme to apply to this Activity as soon as
59                 the Android process has started. This theme is visible to the user
60                 while the Flutter UI initializes. After that, this theme continues
61                 to determine the Window background behind the Flutter UI.
62            -->
63            <meta-data
63-->src/main/AndroidManifest.xml:32:13-35:17
64                android:name="io.flutter.embedding.android.NormalTheme"
64-->src/main/AndroidManifest.xml:33:15-70
65                android:resource="@style/NormalTheme" />
65-->src/main/AndroidManifest.xml:34:15-52
66
67            <intent-filter>
67-->src/main/AndroidManifest.xml:36:13-39:29
68                <action android:name="android.intent.action.MAIN" />
68-->src/main/AndroidManifest.xml:37:17-68
68-->src/main/AndroidManifest.xml:37:25-66
69
70                <category android:name="android.intent.category.LAUNCHER" />
70-->src/main/AndroidManifest.xml:38:17-76
70-->src/main/AndroidManifest.xml:38:27-74
71            </intent-filter>
72        </activity>
73        <!--
74             Don't delete the meta-data below.
75             This is used by the Flutter tool to generate GeneratedPluginRegistrant.java
76        -->
77        <meta-data
77-->src/main/AndroidManifest.xml:43:9-45:33
78            android:name="flutterEmbedding"
78-->src/main/AndroidManifest.xml:44:13-44
79            android:value="2" />
79-->src/main/AndroidManifest.xml:45:13-30
80        <meta-data
80-->src/main/AndroidManifest.xml:47:9-49:71
81            android:name="com.google.android.geo.API_KEY"
81-->src/main/AndroidManifest.xml:48:13-58
82            android:value="AIzaSyBAVJDSpCXiLRhVTq-MA3RgZqbmxm1wD1I" />
82-->src/main/AndroidManifest.xml:49:13-68
83        <meta-data
83-->src/main/AndroidManifest.xml:51:9-53:69
84            android:name="com.google.android.gms.version"
84-->src/main/AndroidManifest.xml:52:13-58
85            android:value="@integer/google_play_services_version" />
85-->src/main/AndroidManifest.xml:53:13-66
86
87        <service
87-->[:firebase_messaging] AndroidManifest.xml:16:9-19:72
88            android:name="io.flutter.plugins.firebase.messaging.FlutterFirebaseMessagingBackgroundService"
88-->[:firebase_messaging] AndroidManifest.xml:17:13-107
89            android:exported="false"
89-->[:firebase_messaging] AndroidManifest.xml:18:13-37
90            android:permission="android.permission.BIND_JOB_SERVICE" />
90-->[:firebase_messaging] AndroidManifest.xml:19:13-69
91        <service
91-->[:firebase_messaging] AndroidManifest.xml:20:9-26:19
92            android:name="io.flutter.plugins.firebase.messaging.FlutterFirebaseMessagingService"
92-->[:firebase_messaging] AndroidManifest.xml:21:13-97
93            android:exported="false" >
93-->[:firebase_messaging] AndroidManifest.xml:22:13-37
94            <intent-filter>
94-->[:firebase_messaging] AndroidManifest.xml:23:13-25:29
95                <action android:name="com.google.firebase.MESSAGING_EVENT" />
95-->[:firebase_messaging] AndroidManifest.xml:24:17-78
95-->[:firebase_messaging] AndroidManifest.xml:24:25-75
96            </intent-filter>
97        </service>
98
99        <receiver
99-->[:firebase_messaging] AndroidManifest.xml:28:9-35:20
100            android:name="io.flutter.plugins.firebase.messaging.FlutterFirebaseMessagingReceiver"
100-->[:firebase_messaging] AndroidManifest.xml:29:13-98
101            android:exported="true"
101-->[:firebase_messaging] AndroidManifest.xml:30:13-36
102            android:permission="com.google.android.c2dm.permission.SEND" >
102-->[:firebase_messaging] AndroidManifest.xml:31:13-73
103            <intent-filter>
103-->[:firebase_messaging] AndroidManifest.xml:32:13-34:29
104                <action android:name="com.google.android.c2dm.intent.RECEIVE" />
104-->[:firebase_messaging] AndroidManifest.xml:33:17-81
104-->[:firebase_messaging] AndroidManifest.xml:33:25-78
105            </intent-filter>
106        </receiver>
107
108        <service
108-->[:firebase_messaging] AndroidManifest.xml:37:9-41:19
109            android:name="com.google.firebase.components.ComponentDiscoveryService"
109-->[:firebase_messaging] AndroidManifest.xml:37:18-89
110            android:directBootAware="true"
110-->[com.google.firebase:firebase-common:21.0.0] AndroidManifest.xml:32:13-43
111            android:exported="false" >
111-->[com.google.firebase:firebase-messaging:24.0.1] AndroidManifest.xml:56:13-37
112            <meta-data
112-->[:firebase_messaging] AndroidManifest.xml:38:13-40:85
113                android:name="com.google.firebase.components:io.flutter.plugins.firebase.messaging.FlutterFirebaseAppRegistrar"
113-->[:firebase_messaging] AndroidManifest.xml:39:17-128
114                android:value="com.google.firebase.components.ComponentRegistrar" />
114-->[:firebase_messaging] AndroidManifest.xml:40:17-82
115            <meta-data
115-->[:firebase_core] AndroidManifest.xml:11:13-13:85
116                android:name="com.google.firebase.components:io.flutter.plugins.firebase.core.FlutterFirebaseCoreRegistrar"
116-->[:firebase_core] AndroidManifest.xml:12:17-124
117                android:value="com.google.firebase.components.ComponentRegistrar" />
117-->[:firebase_core] AndroidManifest.xml:13:17-82
118            <meta-data
118-->[com.google.firebase:firebase-messaging:24.0.1] AndroidManifest.xml:57:13-59:85
119                android:name="com.google.firebase.components:com.google.firebase.messaging.FirebaseMessagingKtxRegistrar"
119-->[com.google.firebase:firebase-messaging:24.0.1] AndroidManifest.xml:58:17-122
120                android:value="com.google.firebase.components.ComponentRegistrar" />
120-->[com.google.firebase:firebase-messaging:24.0.1] AndroidManifest.xml:59:17-82
121            <meta-data
121-->[com.google.firebase:firebase-messaging:24.0.1] AndroidManifest.xml:60:13-62:85
122                android:name="com.google.firebase.components:com.google.firebase.messaging.FirebaseMessagingRegistrar"
122-->[com.google.firebase:firebase-messaging:24.0.1] AndroidManifest.xml:61:17-119
123                android:value="com.google.firebase.components.ComponentRegistrar" />
123-->[com.google.firebase:firebase-messaging:24.0.1] AndroidManifest.xml:62:17-82
124            <meta-data
124-->[com.google.firebase:firebase-installations:18.0.0] AndroidManifest.xml:15:13-17:85
125                android:name="com.google.firebase.components:com.google.firebase.installations.FirebaseInstallationsKtxRegistrar"
125-->[com.google.firebase:firebase-installations:18.0.0] AndroidManifest.xml:16:17-130
126                android:value="com.google.firebase.components.ComponentRegistrar" />
126-->[com.google.firebase:firebase-installations:18.0.0] AndroidManifest.xml:17:17-82
127            <meta-data
127-->[com.google.firebase:firebase-installations:18.0.0] AndroidManifest.xml:18:13-20:85
128                android:name="com.google.firebase.components:com.google.firebase.installations.FirebaseInstallationsRegistrar"
128-->[com.google.firebase:firebase-installations:18.0.0] AndroidManifest.xml:19:17-127
129                android:value="com.google.firebase.components.ComponentRegistrar" />
129-->[com.google.firebase:firebase-installations:18.0.0] AndroidManifest.xml:20:17-82
130            <meta-data
130-->[com.google.firebase:firebase-common-ktx:21.0.0] AndroidManifest.xml:12:13-14:85
131                android:name="com.google.firebase.components:com.google.firebase.ktx.FirebaseCommonLegacyRegistrar"
131-->[com.google.firebase:firebase-common-ktx:21.0.0] AndroidManifest.xml:13:17-116
132                android:value="com.google.firebase.components.ComponentRegistrar" />
132-->[com.google.firebase:firebase-common-ktx:21.0.0] AndroidManifest.xml:14:17-82
133            <meta-data
133-->[com.google.firebase:firebase-common:21.0.0] AndroidManifest.xml:35:13-37:85
134                android:name="com.google.firebase.components:com.google.firebase.FirebaseCommonKtxRegistrar"
134-->[com.google.firebase:firebase-common:21.0.0] AndroidManifest.xml:36:17-109
135                android:value="com.google.firebase.components.ComponentRegistrar" />
135-->[com.google.firebase:firebase-common:21.0.0] AndroidManifest.xml:37:17-82
136            <meta-data
136-->[com.google.firebase:firebase-datatransport:18.2.0] AndroidManifest.xml:25:13-27:85
137                android:name="com.google.firebase.components:com.google.firebase.datatransport.TransportRegistrar"
137-->[com.google.firebase:firebase-datatransport:18.2.0] AndroidManifest.xml:26:17-115
138                android:value="com.google.firebase.components.ComponentRegistrar" />
138-->[com.google.firebase:firebase-datatransport:18.2.0] AndroidManifest.xml:27:17-82
139        </service>
140
141        <provider
141-->[:firebase_messaging] AndroidManifest.xml:43:9-47:38
142            android:name="io.flutter.plugins.firebase.messaging.FlutterFirebaseMessagingInitProvider"
142-->[:firebase_messaging] AndroidManifest.xml:44:13-102
143            android:authorities="com.taxi.driver.flutterfirebasemessaginginitprovider"
143-->[:firebase_messaging] AndroidManifest.xml:45:13-88
144            android:exported="false"
144-->[:firebase_messaging] AndroidManifest.xml:46:13-37
145            android:initOrder="99" />
145-->[:firebase_messaging] AndroidManifest.xml:47:13-35
146
147        <service
147-->[:geolocator_android] AndroidManifest.xml:10:9-14:56
148            android:name="com.baseflow.geolocator.GeolocatorLocationService"
148-->[:geolocator_android] AndroidManifest.xml:11:13-77
149            android:enabled="true"
149-->[:geolocator_android] AndroidManifest.xml:12:13-35
150            android:exported="false"
150-->[:geolocator_android] AndroidManifest.xml:13:13-37
151            android:foregroundServiceType="location" />
151-->[:geolocator_android] AndroidManifest.xml:14:13-53
152
153        <uses-library
153-->[androidx.window:window:1.2.0] AndroidManifest.xml:23:9-25:40
154            android:name="androidx.window.extensions"
154-->[androidx.window:window:1.2.0] AndroidManifest.xml:24:13-54
155            android:required="false" />
155-->[androidx.window:window:1.2.0] AndroidManifest.xml:25:13-37
156        <uses-library
156-->[androidx.window:window:1.2.0] AndroidManifest.xml:26:9-28:40
157            android:name="androidx.window.sidecar"
157-->[androidx.window:window:1.2.0] AndroidManifest.xml:27:13-51
158            android:required="false" /> <!-- Needs to be explicitly declared on P+ -->
158-->[androidx.window:window:1.2.0] AndroidManifest.xml:28:13-37
159        <uses-library
159-->[com.google.android.gms:play-services-maps:18.2.0] AndroidManifest.xml:39:9-41:40
160            android:name="org.apache.http.legacy"
160-->[com.google.android.gms:play-services-maps:18.2.0] AndroidManifest.xml:40:13-50
161            android:required="false" />
161-->[com.google.android.gms:play-services-maps:18.2.0] AndroidManifest.xml:41:13-37
162
163        <receiver
163-->[com.google.firebase:firebase-messaging:24.0.1] AndroidManifest.xml:29:9-40:20
164            android:name="com.google.firebase.iid.FirebaseInstanceIdReceiver"
164-->[com.google.firebase:firebase-messaging:24.0.1] AndroidManifest.xml:30:13-78
165            android:exported="true"
165-->[com.google.firebase:firebase-messaging:24.0.1] AndroidManifest.xml:31:13-36
166            android:permission="com.google.android.c2dm.permission.SEND" >
166-->[com.google.firebase:firebase-messaging:24.0.1] AndroidManifest.xml:32:13-73
167            <intent-filter>
167-->[:firebase_messaging] AndroidManifest.xml:32:13-34:29
168                <action android:name="com.google.android.c2dm.intent.RECEIVE" />
168-->[:firebase_messaging] AndroidManifest.xml:33:17-81
168-->[:firebase_messaging] AndroidManifest.xml:33:25-78
169            </intent-filter>
170
171            <meta-data
171-->[com.google.firebase:firebase-messaging:24.0.1] AndroidManifest.xml:37:13-39:40
172                android:name="com.google.android.gms.cloudmessaging.FINISHED_AFTER_HANDLED"
172-->[com.google.firebase:firebase-messaging:24.0.1] AndroidManifest.xml:38:17-92
173                android:value="true" />
173-->[com.google.firebase:firebase-messaging:24.0.1] AndroidManifest.xml:39:17-37
174        </receiver>
175        <!--
176             FirebaseMessagingService performs security checks at runtime,
177             but set to not exported to explicitly avoid allowing another app to call it.
178        -->
179        <service
179-->[com.google.firebase:firebase-messaging:24.0.1] AndroidManifest.xml:46:9-53:19
180            android:name="com.google.firebase.messaging.FirebaseMessagingService"
180-->[com.google.firebase:firebase-messaging:24.0.1] AndroidManifest.xml:47:13-82
181            android:directBootAware="true"
181-->[com.google.firebase:firebase-messaging:24.0.1] AndroidManifest.xml:48:13-43
182            android:exported="false" >
182-->[com.google.firebase:firebase-messaging:24.0.1] AndroidManifest.xml:49:13-37
183            <intent-filter android:priority="-500" >
183-->[:firebase_messaging] AndroidManifest.xml:23:13-25:29
184                <action android:name="com.google.firebase.MESSAGING_EVENT" />
184-->[:firebase_messaging] AndroidManifest.xml:24:17-78
184-->[:firebase_messaging] AndroidManifest.xml:24:25-75
185            </intent-filter>
186        </service>
187
188        <activity
188-->[com.google.android.gms:play-services-base:18.3.0] AndroidManifest.xml:20:9-22:45
189            android:name="com.google.android.gms.common.api.GoogleApiActivity"
189-->[com.google.android.gms:play-services-base:18.3.0] AndroidManifest.xml:20:19-85
190            android:exported="false"
190-->[com.google.android.gms:play-services-base:18.3.0] AndroidManifest.xml:22:19-43
191            android:theme="@android:style/Theme.Translucent.NoTitleBar" />
191-->[com.google.android.gms:play-services-base:18.3.0] AndroidManifest.xml:21:19-78
192
193        <provider
193-->[com.google.firebase:firebase-common:21.0.0] AndroidManifest.xml:23:9-28:39
194            android:name="com.google.firebase.provider.FirebaseInitProvider"
194-->[com.google.firebase:firebase-common:21.0.0] AndroidManifest.xml:24:13-77
195            android:authorities="com.taxi.driver.firebaseinitprovider"
195-->[com.google.firebase:firebase-common:21.0.0] AndroidManifest.xml:25:13-72
196            android:directBootAware="true"
196-->[com.google.firebase:firebase-common:21.0.0] AndroidManifest.xml:26:13-43
197            android:exported="false"
197-->[com.google.firebase:firebase-common:21.0.0] AndroidManifest.xml:27:13-37
198            android:initOrder="100" />
198-->[com.google.firebase:firebase-common:21.0.0] AndroidManifest.xml:28:13-36
199        <provider
199-->[androidx.lifecycle:lifecycle-process:2.7.0] AndroidManifest.xml:24:9-32:20
200            android:name="androidx.startup.InitializationProvider"
200-->[androidx.lifecycle:lifecycle-process:2.7.0] AndroidManifest.xml:25:13-67
201            android:authorities="com.taxi.driver.androidx-startup"
201-->[androidx.lifecycle:lifecycle-process:2.7.0] AndroidManifest.xml:26:13-68
202            android:exported="false" >
202-->[androidx.lifecycle:lifecycle-process:2.7.0] AndroidManifest.xml:27:13-37
203            <meta-data
203-->[androidx.lifecycle:lifecycle-process:2.7.0] AndroidManifest.xml:29:13-31:52
204                android:name="androidx.lifecycle.ProcessLifecycleInitializer"
204-->[androidx.lifecycle:lifecycle-process:2.7.0] AndroidManifest.xml:30:17-78
205                android:value="androidx.startup" />
205-->[androidx.lifecycle:lifecycle-process:2.7.0] AndroidManifest.xml:31:17-49
206            <meta-data
206-->[androidx.profileinstaller:profileinstaller:1.3.1] AndroidManifest.xml:29:13-31:52
207                android:name="androidx.profileinstaller.ProfileInstallerInitializer"
207-->[androidx.profileinstaller:profileinstaller:1.3.1] AndroidManifest.xml:30:17-85
208                android:value="androidx.startup" />
208-->[androidx.profileinstaller:profileinstaller:1.3.1] AndroidManifest.xml:31:17-49
209        </provider>
210
211        <receiver
211-->[androidx.profileinstaller:profileinstaller:1.3.1] AndroidManifest.xml:34:9-52:20
212            android:name="androidx.profileinstaller.ProfileInstallReceiver"
212-->[androidx.profileinstaller:profileinstaller:1.3.1] AndroidManifest.xml:35:13-76
213            android:directBootAware="false"
213-->[androidx.profileinstaller:profileinstaller:1.3.1] AndroidManifest.xml:36:13-44
214            android:enabled="true"
214-->[androidx.profileinstaller:profileinstaller:1.3.1] AndroidManifest.xml:37:13-35
215            android:exported="true"
215-->[androidx.profileinstaller:profileinstaller:1.3.1] AndroidManifest.xml:38:13-36
216            android:permission="android.permission.DUMP" >
216-->[androidx.profileinstaller:profileinstaller:1.3.1] AndroidManifest.xml:39:13-57
217            <intent-filter>
217-->[androidx.profileinstaller:profileinstaller:1.3.1] AndroidManifest.xml:40:13-42:29
218                <action android:name="androidx.profileinstaller.action.INSTALL_PROFILE" />
218-->[androidx.profileinstaller:profileinstaller:1.3.1] AndroidManifest.xml:41:17-91
218-->[androidx.profileinstaller:profileinstaller:1.3.1] AndroidManifest.xml:41:25-88
219            </intent-filter>
220            <intent-filter>
220-->[androidx.profileinstaller:profileinstaller:1.3.1] AndroidManifest.xml:43:13-45:29
221                <action android:name="androidx.profileinstaller.action.SKIP_FILE" />
221-->[androidx.profileinstaller:profileinstaller:1.3.1] AndroidManifest.xml:44:17-85
221-->[androidx.profileinstaller:profileinstaller:1.3.1] AndroidManifest.xml:44:25-82
222            </intent-filter>
223            <intent-filter>
223-->[androidx.profileinstaller:profileinstaller:1.3.1] AndroidManifest.xml:46:13-48:29
224                <action android:name="androidx.profileinstaller.action.SAVE_PROFILE" />
224-->[androidx.profileinstaller:profileinstaller:1.3.1] AndroidManifest.xml:47:17-88
224-->[androidx.profileinstaller:profileinstaller:1.3.1] AndroidManifest.xml:47:25-85
225            </intent-filter>
226            <intent-filter>
226-->[androidx.profileinstaller:profileinstaller:1.3.1] AndroidManifest.xml:49:13-51:29
227                <action android:name="androidx.profileinstaller.action.BENCHMARK_OPERATION" />
227-->[androidx.profileinstaller:profileinstaller:1.3.1] AndroidManifest.xml:50:17-95
227-->[androidx.profileinstaller:profileinstaller:1.3.1] AndroidManifest.xml:50:25-92
228            </intent-filter>
229        </receiver>
230
231        <service
231-->[com.google.android.datatransport:transport-backend-cct:3.1.9] AndroidManifest.xml:28:9-34:19
232            android:name="com.google.android.datatransport.runtime.backends.TransportBackendDiscovery"
232-->[com.google.android.datatransport:transport-backend-cct:3.1.9] AndroidManifest.xml:29:13-103
233            android:exported="false" >
233-->[com.google.android.datatransport:transport-backend-cct:3.1.9] AndroidManifest.xml:30:13-37
234            <meta-data
234-->[com.google.android.datatransport:transport-backend-cct:3.1.9] AndroidManifest.xml:31:13-33:39
235                android:name="backend:com.google.android.datatransport.cct.CctBackendFactory"
235-->[com.google.android.datatransport:transport-backend-cct:3.1.9] AndroidManifest.xml:32:17-94
236                android:value="cct" />
236-->[com.google.android.datatransport:transport-backend-cct:3.1.9] AndroidManifest.xml:33:17-36
237        </service>
238        <service
238-->[com.google.android.datatransport:transport-runtime:3.1.9] AndroidManifest.xml:26:9-30:19
239            android:name="com.google.android.datatransport.runtime.scheduling.jobscheduling.JobInfoSchedulerService"
239-->[com.google.android.datatransport:transport-runtime:3.1.9] AndroidManifest.xml:27:13-117
240            android:exported="false"
240-->[com.google.android.datatransport:transport-runtime:3.1.9] AndroidManifest.xml:28:13-37
241            android:permission="android.permission.BIND_JOB_SERVICE" >
241-->[com.google.android.datatransport:transport-runtime:3.1.9] AndroidManifest.xml:29:13-69
242        </service>
243
244        <receiver
244-->[com.google.android.datatransport:transport-runtime:3.1.9] AndroidManifest.xml:32:9-34:40
245            android:name="com.google.android.datatransport.runtime.scheduling.jobscheduling.AlarmManagerSchedulerBroadcastReceiver"
245-->[com.google.android.datatransport:transport-runtime:3.1.9] AndroidManifest.xml:33:13-132
246            android:exported="false" />
246-->[com.google.android.datatransport:transport-runtime:3.1.9] AndroidManifest.xml:34:13-37
247    </application>
248
249</manifest>